c:\users\mrmca\code\school\cs453 - final project\learnply_tri\learnply\debug\vc142.pdb
c:\users\mrmca\code\school\cs453 - final project\learnply_tri\learnply\debug\vc142.idb
c:\users\mrmca\code\school\cs453 - final project\learnply_tri\learnply\debug\trackball.obj
c:\users\mrmca\code\school\cs453 - final project\learnply_tri\learnply\debug\tmatrix.obj
c:\users\mrmca\code\school\cs453 - final project\learnply_tri\learnply\debug\polyhedron.obj
c:\users\mrmca\code\school\cs453 - final project\learnply_tri\learnply\debug\ply.obj
c:\users\mrmca\code\school\cs453 - final project\learnply_tri\learnply\debug\learnply.obj
c:\users\mrmca\code\school\cs453 - final project\learnply_tri\learnply\debug\icvector.obj
c:\users\mrmca\code\school\cs453 - final project\learnply_tri\learnply\debug\list.obj
c:\users\mrmca\code\school\cs453 - final project\learnply_tri\learnply\debug\learnply.pdb
c:\users\mrmca\code\school\cs453 - final project\learnply_tri\learnply\debug\learnply.tlog\cl.command.1.tlog
c:\users\mrmca\code\school\cs453 - final project\learnply_tri\learnply\debug\learnply.tlog\cl.read.1.tlog
c:\users\mrmca\code\school\cs453 - final project\learnply_tri\learnply\debug\learnply.tlog\cl.write.1.tlog
c:\users\mrmca\code\school\cs453 - final project\learnply_tri\learnply\debug\learnply.tlog\link-cvtres.read.1.tlog
c:\users\mrmca\code\school\cs453 - final project\learnply_tri\learnply\debug\learnply.tlog\link-cvtres.write.1.tlog
c:\users\mrmca\code\school\cs453 - final project\learnply_tri\learnply\debug\learnply.tlog\link-rc.read.1.tlog
c:\users\mrmca\code\school\cs453 - final project\learnply_tri\learnply\debug\learnply.tlog\link-rc.write.1.tlog
c:\users\mrmca\code\school\cs453 - final project\learnply_tri\learnply\debug\learnply.tlog\link.command.1.tlog
c:\users\mrmca\code\school\cs453 - final project\learnply_tri\learnply\debug\learnply.tlog\link.read.1.tlog
c:\users\mrmca\code\school\cs453 - final project\learnply_tri\learnply\debug\learnply.tlog\link.write.1.tlog
