  learnply.cpp
C:\Users\mrmca\code\school\cs453 - final project\learnply_tri\learnply\learnply.cpp(95,20): warning C4996: 'fopen': This function or variable may be unsafe. Consider using fopen_s instead. To disable deprecation, use _CRT_SECURE_NO_WARNINGS. See online help for details.
C:\Users\mrmca\code\school\cs453 - final project\learnply_tri\learnply\learnply.cpp(356,24): warning C4101: 'matrix': unreferenced local variable
C:\Users\mrmca\code\school\cs453 - final project\learnply_tri\learnply\learnply.cpp(741,9): warning C4101: 'a': unreferenced local variable
C:\Users\mrmca\code\school\cs453 - final project\learnply_tri\learnply\learnply.cpp(741,15): warning C4101: 'b': unreferenced local variable
C:\Users\mrmca\code\school\cs453 - final project\learnply_tri\learnply\learnply.cpp(727,13): warning C4101: 'a1': unreferenced local variable
C:\Users\mrmca\code\school\cs453 - final project\learnply_tri\learnply\learnply.cpp(741,21): warning C4101: 'c': unreferenced local variable
C:\Users\mrmca\code\school\cs453 - final project\learnply_tri\learnply\learnply.cpp(727,18): warning C4101: 'b1': unreferenced local variable
C:\Users\mrmca\code\school\cs453 - final project\learnply_tri\learnply\learnply.cpp(1427,9): warning C4101: 'cv': unreferenced local variable
C:\Users\mrmca\code\school\cs453 - final project\learnply_tri\learnply\learnply.cpp(1654,15): warning C4996: 'fopen': This function or variable may be unsafe. Consider using fopen_s instead. To disable deprecation, use _CRT_SECURE_NO_WARNINGS. See online help for details.
C:\Users\mrmca\code\school\cs453 - final project\learnply_tri\learnply\learnply.cpp(1661,15): warning C4996: 'fopen': This function or variable may be unsafe. Consider using fopen_s instead. To disable deprecation, use _CRT_SECURE_NO_WARNINGS. See online help for details.
C:\Users\mrmca\code\school\cs453 - final project\learnply_tri\learnply\learnply.cpp(1663,4): warning C4996: 'fscanf': This function or variable may be unsafe. Consider using fscanf_s instead. To disable deprecation, use _CRT_SECURE_NO_WARNINGS. See online help for details.
C:\Users\mrmca\code\school\cs453 - final project\learnply_tri\learnply\learnply.cpp(1686,48): warning C4305: 'initializing': truncation from 'double' to 'GLfloat'
C:\Users\mrmca\code\school\cs453 - final project\learnply_tri\learnply\learnply.cpp(1687,48): warning C4305: 'initializing': truncation from 'double' to 'GLfloat'
C:\Users\mrmca\code\school\cs453 - final project\learnply_tri\learnply\learnply.cpp(1719,26): warning C4305: '=': truncation from 'double' to 'GLfloat'
C:\Users\mrmca\code\school\cs453 - final project\learnply_tri\learnply\learnply.cpp(1775,16): warning C4018: '<': signed/unsigned mismatch
C:\Users\mrmca\code\school\cs453 - final project\learnply_tri\learnply\learnply.cpp(1887,16): warning C4018: '<': signed/unsigned mismatch
C:\Users\mrmca\code\school\cs453 - final project\learnply_tri\learnply\learnply.cpp(1921,16): warning C4018: '<': signed/unsigned mismatch
icVector.obj : warning LNK4075: ignoring '/EDITANDCONTINUE' due to '/INCREMENTAL:NO' specification
  learnply.vcxproj -> C:\Users\mrmca\code\school\cs453 - final project\learnply_tri\learnply\Debug\learnply.exe
